2015-02-28 06:37:26 Warning: Warning (2): Creating default object from empty value in [C:\xampp\htdocs\amigosource\controllers\categories_controller.php, line 9]
2015-02-28 06:52:24 Warning: Warning (4096): Object of class CrumbHelper could not be converted to string in [C:\xampp\htdocs\amigosource\views\categories\index.ctp, line 3]
2015-03-01 15:19:46 Warning: Warning (2): mysql_connect() [<a href='http://php.net/function.mysql-connect'>function.mysql-connect</a>]: A connection attempt failed because the connected party did not properly respond after a period of time, or established connection failed because connected host has failed to respond.
 in [C:\cake\libs\model\datasources\dbo\dbo_mysql.php, line 561]
2015-03-01 15:19:46 Warning: Warning (2): mysql_query() expects parameter 2 to be resource, boolean given in [C:\cake\libs\model\datasources\dbo\dbo_mysql.php, line 613]
2015-03-01 15:19:46 Warning: Warning (2): Cannot modify header information - headers already sent by (output started at C:\cake\libs\debugger.php:686) in [C:\cake\libs\controller\controller.php, line 742]
2015-03-07 14:35:22 Warning: Warning (512): <span style="color:Red;text-align:left"><b>SQL Error:</b> 1064: You have an error in your SQL syntax; check the manual that corresponds to your MySQL server version for the right syntax to use near 'generateTreeList' at line 1</span> in [C:\cake\libs\model\datasources\dbo_source.php, line 685]
2015-03-07 14:35:50 Warning: Warning (512): <span style="color:Red;text-align:left"><b>SQL Error:</b> 1064: You have an error in your SQL syntax; check the manual that corresponds to your MySQL server version for the right syntax to use near 'generateTreeList' at line 1</span> in [C:\cake\libs\model\datasources\dbo_source.php, line 685]
2015-03-07 15:00:05 Warning: Warning (512): Method FormHelper::postLink does not exist in [C:\cake\libs\view\helper.php, line 154]
2015-03-07 15:00:30 Warning: Warning (512): Method FormHelper::postLink does not exist in [C:\cake\libs\view\helper.php, line 154]
2015-03-07 15:03:28 Warning: Warning (512): Method FormHelper::postLink does not exist in [C:\cake\libs\view\helper.php, line 154]
2015-03-09 17:05:33 Warning: Warning (512): <span style="color:Red;text-align:left"><b>SQL Error:</b> 1064: You have an error in your SQL syntax; check the manual that corresponds to your MySQL server version for the right syntax to use near 'findAllThreaded' at line 1</span> in [C:\cake\libs\model\datasources\dbo_source.php, line 685]
2015-03-09 17:06:31 Warning: Warning (512): <span style="color:Red;text-align:left"><b>SQL Error:</b> 1064: You have an error in your SQL syntax; check the manual that corresponds to your MySQL server version for the right syntax to use near 'findAllThreaded' at line 1</span> in [C:\cake\libs\model\datasources\dbo_source.php, line 685]
2015-03-09 17:06:31 Warning: Warning (2): Invalid argument supplied for foreach() in [C:\xampp\htdocs\amigosource\views\helpers\tree.php, line 20]
2015-03-09 17:06:59 Warning: Warning (512): <span style="color:Red;text-align:left"><b>SQL Error:</b> 1064: You have an error in your SQL syntax; check the manual that corresponds to your MySQL server version for the right syntax to use near 'findAllThreaded' at line 1</span> in [C:\cake\libs\model\datasources\dbo_source.php, line 685]
2015-03-09 17:06:59 Warning: Warning (2): Invalid argument supplied for foreach() in [C:\xampp\htdocs\amigosource\views\helpers\tree.php, line 20]
2015-03-09 17:08:21 Warning: Warning (512): <span style="color:Red;text-align:left"><b>SQL Error:</b> 1064: You have an error in your SQL syntax; check the manual that corresponds to your MySQL server version for the right syntax to use near 'findAllThreaded' at line 1</span> in [C:\cake\libs\model\datasources\dbo_source.php, line 685]
2015-03-09 17:09:27 Warning: Warning (512): <span style="color:Red;text-align:left"><b>SQL Error:</b> 1064: You have an error in your SQL syntax; check the manual that corresponds to your MySQL server version for the right syntax to use near 'findAllThreaded' at line 1</span> in [C:\cake\libs\model\datasources\dbo_source.php, line 685]
2015-03-09 17:15:52 Warning: Warning (512): Method HtmlHelper::selectTag does not exist in [C:\cake\libs\view\helper.php, line 154]
2015-03-09 17:16:21 Warning: Warning (512): Method HtmlHelper::selectTag does not exist in [C:\cake\libs\view\helper.php, line 154]
2015-03-09 17:17:50 Warning: Warning (512): Method HtmlHelper::selecttag_options_array does not exist in [C:\cake\libs\view\helper.php, line 154]
2015-03-09 17:20:38 Warning: Warning (512): Method HtmlHelper::selectTag does not exist in [C:\cake\libs\view\helper.php, line 154]
2015-03-09 17:20:59 Warning: Warning (512): Method HtmlHelper::input does not exist in [C:\cake\libs\view\helper.php, line 154]
2015-03-09 17:21:20 Warning: Warning (512): Method HtmlHelper::dropdown does not exist in [C:\cake\libs\view\helper.php, line 154]
2015-03-09 17:26:30 Warning: Warning (512): Method HtmlHelper::select does not exist in [C:\cake\libs\view\helper.php, line 154]
